Произошла ошибка в файле: C:\OSPanel\domains\blog\app\Services\WeatherService.php
Код ошибки: 300
- Криворукий пользователь не ввел название города
- Thursday 14th of March 2024 06:13:29 PM

Произошла ошибка в файле: C:\OSPanel\domains\blog\app\Services\WeatherService.php
Код ошибки: 300
- Криворукий пользователь не ввел название города
- Thursday 14th of March 2024 06:14:37 PM

Произошла ошибка в файле: C:\OSPanel\domains\blog\app\Services\WeatherService.php
Код ошибки: 333
- Криворукий пользователь не правильно ввел название города
- Thursday 14th of March 2024 06:14:57 PM

Произошла ошибка в файле: C:\OSPanel\domains\blog\app\Services\WeatherService.php
Код ошибки: 300
- Криворукий пользователь не ввел название города
- Thursday 14th of March 2024 06:18:51 PM

Произошла ошибка в файле: C:\OSPanel\domains\blog\app\Services\WeatherService.php
Код ошибки: 300
- Криворукий пользователь не ввел название города
- Thursday 14th of March 2024 07:27:27 PM

Произошла ошибка в файле: C:\OSPanel\domains\blog\app\Services\WeatherService.php
Код ошибки: 300
- Криворукий пользователь не ввел название города
- Thursday 14th of March 2024 07:27:28 PM

Произошла ошибка в файле: C:\OSPanel\domains\blog\app\Services\WeatherService.php
Код ошибки: 300
- Криворукий пользователь не ввел название города
- Thursday 14th of March 2024 07:27:50 PM

Произошла ошибка в файле: C:\OSPanel\domains\blog\app\Services\WeatherService.php
Код ошибки: 300
- Криворукий пользователь не ввел название города
- Thursday 14th of March 2024 07:28:52 PM

Произошла ошибка в файле: C:\OSPanel\domains\blog\app\Services\WeatherService.php
Код ошибки: 300
- Криворукий пользователь не ввел название города
- Thursday 14th of March 2024 07:29:28 PM

Произошла ошибка в файле: C:\OSPanel\domains\blog\app\Services\WeatherService.php
Код ошибки: 300
- Криворукий пользователь не ввел название города
- Thursday 14th of March 2024 07:51:35 PM

Произошла ошибка в файле: C:\OSPanel\domains\blog\app\Services\WeatherService.php
Код ошибки: 300
- Криворукий пользователь не ввел название города
- Thursday 14th of March 2024 07:53:08 PM

Произошла ошибка в файле: C:\OSPanel\domains\blog\app\Services\WeatherService.php
Код ошибки: 300
- Криворукий пользователь не ввел название города
- Thursday 14th of March 2024 07:55:57 PM

Произошла ошибка в файле: C:\OSPanel\domains\blog\app\Services\WeatherService.php
Код ошибки: 300
- Криворукий пользователь не ввел название города
- Thursday 14th of March 2024 07:56:29 PM

Произошла ошибка в файле: C:\OSPanel\domains\blog\app\Services\WeatherService.php
Код ошибки: 300
- Криворукий пользователь не ввел название города
- Thursday 14th of March 2024 07:56:58 PM

Произошла ошибка в файле: C:\OSPanel\domains\blog\app\Services\WeatherService.php
Код ошибки: 300
- Криворукий пользователь не ввел название города
- Thursday 14th of March 2024 07:57:13 PM

Произошла ошибка в файле: C:\OSPanel\domains\blog\app\Services\WeatherService.php
Код ошибки: 333
- Криворукий пользователь не правильно ввел название города
- Thursday 14th of March 2024 07:57:29 PM

Произошла ошибка в файле: C:\OSPanel\domains\blog\app\Services\WeatherService.php
Код ошибки: 300
- Криворукий пользователь не ввел название города
- Thursday 14th of March 2024 07:58:37 PM

Произошла ошибка в файле: C:\OSPanel\domains\blog\app\Services\WeatherService.php
Код ошибки: 333
- Криворукий пользователь не правильно ввел название города
- Thursday 14th of March 2024 07:58:57 PM

Произошла ошибка в файле: C:\OSPanel\domains\blog\app\Services\WeatherService.php
Код ошибки: 333
- Криворукий пользователь не правильно ввел название города
- Thursday 14th of March 2024 07:59:08 PM

Произошла ошибка в файле: C:\OSPanel\domains\blog\app\Services\WeatherService.php
Код ошибки: 333
- Криворукий пользователь не правильно ввел название города
- Thursday 14th of March 2024 07:59:16 PM

Произошла ошибка в файле: C:\OSPanel\domains\blog\app\Services\WeatherService.php
Код ошибки: 333
- Криворукий пользователь не правильно ввел название города
- Thursday 14th of March 2024 08:01:08 PM

Произошла ошибка в файле: C:\OSPanel\domains\blog\app\Services\WeatherService.php
Код ошибки: 333
- Криворукий пользователь не правильно ввел название города
- Thursday 14th of March 2024 08:01:50 PM

Произошла ошибка в файле: C:\OSPanel\domains\blog\app\Services\WeatherService.php
Код ошибки: 333
- Криворукий пользователь не правильно ввел название города
- Thursday 14th of March 2024 08:06:16 PM

Произошла ошибка в файле: C:\OSPanel\domains\blog\app\Services\WeatherService.php
Код ошибки: 333
- Криворукий пользователь не правильно ввел название города
- Thursday 14th of March 2024 08:07:16 PM

Произошла ошибка в файле: C:\OSPanel\domains\blog\app\Services\WeatherService.php
Код ошибки: 333
- Криворукий пользователь не правильно ввел название города
- Thursday 14th of March 2024 08:07:39 PM

Произошла ошибка в файле: C:\OSPanel\domains\blog\app\Services\WeatherService.php
Код ошибки: 333
- Криворукий пользователь не правильно ввел название города
- Thursday 14th of March 2024 08:07:45 PM

Произошла ошибка в файле: C:\OSPanel\domains\blog\app\Services\WeatherService.php
Код ошибки: 333
- Криворукий пользователь не правильно ввел название города
- Thursday 14th of March 2024 08:07:51 PM

Произошла ошибка в файле: C:\OSPanel\domains\blog\app\Services\WeatherService.php
Код ошибки: 333
- Криворукий пользователь не правильно ввел название города
- Thursday 14th of March 2024 08:19:08 PM

Произошла ошибка в файле: C:\OSPanel\domains\blog\app\Services\WeatherService.php
Код ошибки: 300
- Криворукий пользователь не ввел название города
- Thursday 14th of March 2024 08:19:20 PM

Произошла ошибка в файле: C:\OSPanel\domains\blog\app\Services\WeatherService.php
Код ошибки: 300
- Криворукий пользователь не ввел название города
- Thursday 14th of March 2024 08:19:30 PM

Произошла ошибка в файле: C:\OSPanel\domains\blog\app\Services\WeatherService.php
Код ошибки: 333
- Криворукий пользователь не правильно ввел название города
- Thursday 14th of March 2024 08:19:43 PM

Произошла ошибка в файле: C:\OSPanel\domains\blog\app\Services\WeatherService.php
Код ошибки: 333
- Криворукий пользователь не правильно ввел название города
- Thursday 14th of March 2024 08:19:49 PM

Произошла ошибка в файле: C:\OSPanel\domains\blog\app\Services\WeatherService.php
Код ошибки: 300
- Криворукий пользователь не ввел название города
- Saturday 16th of March 2024 07:18:16 PM

Произошла ошибка в файле: C:\OSPanel\domains\blog\app\Services\WeatherService.php
Код ошибки: 300
- Криворукий пользователь не ввел название города
- Saturday 16th of March 2024 07:45:45 PM

Произошла ошибка в файле: C:\OSPanel\domains\blog\app\Services\WeatherService.php
Код ошибки: 300
- Криворукий пользователь не ввел название города
- Saturday 16th of March 2024 09:15:54 PM

Произошла ошибка в файле: C:\OSPanel\domains\blog\app\Services\WeatherService.php
Код ошибки: 300
- Криворукий пользователь не ввел название города
- Saturday 16th of March 2024 09:23:59 PM

Произошла ошибка в файле: C:\OSPanel\domains\blog\app\Services\WeatherService.php
Код ошибки: 300
- Криворукий пользователь не ввел название города
- Saturday 16th of March 2024 09:33:06 PM

Произошла ошибка в файле: C:\OSPanel\domains\blog\app\Services\WeatherService.php
Код ошибки: 333
- Криворукий пользователь не правильно ввел название города
- Saturday 16th of March 2024 09:33:14 PM

Произошла ошибка в файле: C:\OSPanel\domains\blog\app\Services\WeatherService.php
Код ошибки: 333
- Криворукий пользователь не правильно ввел название города
- Saturday 16th of March 2024 09:34:38 PM

Произошла ошибка в файле: C:\OSPanel\domains\blog\app\Services\WeatherService.php
Код ошибки: 333
- Криворукий пользователь не правильно ввел название города
- Saturday 16th of March 2024 09:34:40 PM

Произошла ошибка в файле: C:\OSPanel\domains\blog\app\Services\WeatherService.php
Код ошибки: 300
- Криворукий пользователь не ввел название города
- Saturday 16th of March 2024 09:34:45 PM

Произошла ошибка в файле: C:\OSPanel\domains\blog\app\Services\WeatherService.php
Код ошибки: 300
- Криворукий пользователь не ввел название города
- Saturday 16th of March 2024 09:35:59 PM

Произошла ошибка в файле: C:\OSPanel\domains\blog\app\Services\WeatherService.php
Код ошибки: 300
- Криворукий пользователь не ввел название города
- Saturday 16th of March 2024 09:36:29 PM

Произошла ошибка в файле: C:\OSPanel\domains\blog\app\Services\WeatherService.php
Код ошибки: 300
- Криворукий пользователь не ввел название города
- Saturday 16th of March 2024 09:36:39 PM

Произошла ошибка в файле: C:\OSPanel\domains\blog\app\Services\WeatherService.php
Код ошибки: 300
- Криворукий пользователь не ввел название города
- Saturday 16th of March 2024 09:36:41 PM

Произошла ошибка в файле: C:\OSPanel\domains\blog\app\Services\WeatherService.php
Код ошибки: 333
- Криворукий пользователь не правильно ввел название города
- Saturday 16th of March 2024 10:04:23 PM

Произошла ошибка в файле: C:\OSPanel\domains\blog\app\Services\WeatherService.php
Код ошибки: 333
- Криворукий пользователь не правильно ввел название города
- Saturday 16th of March 2024 10:04:51 PM

Произошла ошибка в файле: C:\OSPanel\domains\blog\app\Services\WeatherService.php
Код ошибки: 300
- Криворукий пользователь не ввел название города
- Saturday 16th of March 2024 10:06:24 PM

Произошла ошибка в файле: C:\OSPanel\domains\blog\app\Services\WeatherService.php
Код ошибки: 300
- Криворукий пользователь не ввел название города
- Saturday 16th of March 2024 10:09:16 PM

Произошла ошибка в файле: C:\OSPanel\domains\blog\app\Services\WeatherService.php
Код ошибки: 300
- Криворукий пользователь не ввел название города
- Saturday 16th of March 2024 10:09:20 PM

Произошла ошибка в файле: C:\OSPanel\domains\blog\app\Services\WeatherService.php
Код ошибки: 300
- Криворукий пользователь не ввел название города
- Saturday 16th of March 2024 10:09:23 PM

Произошла ошибка в файле: C:\OSPanel\domains\blog\app\Services\WeatherService.php
Код ошибки: 300
- Криворукий пользователь не ввел название города
- Saturday 16th of March 2024 10:11:23 PM

Произошла ошибка в файле: C:\OSPanel\domains\blog\app\Services\WeatherService.php
Код ошибки: 333
- Криворукий пользователь не правильно ввел название города
- Saturday 16th of March 2024 10:11:32 PM

Произошла ошибка в файле: C:\OSPanel\domains\blog\app\Services\WeatherService.php
Код ошибки: 300
- Криворукий пользователь не ввел название города
- Saturday 16th of March 2024 10:12:24 PM

Произошла ошибка в файле: C:\OSPanel\domains\blog\app\Services\WeatherService.php
Код ошибки: 300
- Криворукий пользователь не ввел название города
- Saturday 16th of March 2024 10:15:39 PM

Произошла ошибка в файле: C:\OSPanel\domains\blog\app\Services\WeatherService.php
Код ошибки: 300
- Криворукий пользователь не ввел название города
- Saturday 16th of March 2024 10:28:30 PM

Произошла ошибка в файле: C:\OSPanel\domains\blog\app\Services\WeatherService.php
Код ошибки: 300
- Криворукий пользователь не ввел название города
- Saturday 16th of March 2024 10:30:29 PM

Произошла ошибка в файле: C:\OSPanel\domains\blog\app\Services\WeatherService.php
Код ошибки: 300
- Криворукий пользователь не ввел название города
- Saturday 16th of March 2024 10:43:54 PM

Произошла ошибка в файле: C:\OSPanel\domains\blog\app\Services\WeatherService.php
Код ошибки: 300
- Криворукий пользователь не ввел название города
- Saturday 16th of March 2024 10:45:00 PM

Произошла ошибка в файле: C:\OSPanel\domains\blog\app\Services\WeatherService.php
Код ошибки: 300
- Криворукий пользователь не ввел название города
- Sunday 17th of March 2024 01:23:40 PM

Произошла ошибка в файле: C:\OSPanel\domains\blog\app\Services\WeatherService.php
Код ошибки: 300
- Криворукий пользователь не ввел название города
- Sunday 17th of March 2024 01:25:42 PM

Произошла ошибка в файле: C:\OSPanel\domains\blog\app\Services\WeatherService.php
Код ошибки: 300
- Криворукий пользователь не ввел название города
- Sunday 17th of March 2024 01:43:08 PM

Произошла ошибка в файле: C:\OSPanel\domains\blog\app\Services\WeatherService.php
Код ошибки: 300
- Криворукий пользователь не ввел название города
- Sunday 17th of March 2024 01:52:05 PM

Произошла ошибка в файле: C:\OSPanel\domains\blog\app\Services\WeatherService.php
Код ошибки: 333
- Криворукий пользователь не правильно ввел название города
- Sunday 17th of March 2024 08:38:17 PM

Произошла ошибка в файле: C:\OSPanel\domains\blog\app\Services\WeatherService.php
Код ошибки: 300
- Криворукий пользователь не ввел название города
- Monday 18th of March 2024 04:42:34 PM

Произошла ошибка в файле: C:\OSPanel\domains\blog\app\Services\WeatherService.php
Код ошибки: 333
- Криворукий пользователь не правильно ввел название города
- Monday 18th of March 2024 04:43:26 PM

Произошла ошибка в файле: C:\OSPanel\domains\blog\app\Services\WeatherService.php
Код ошибки: 333
- Криворукий пользователь не правильно ввел название города
- Monday 18th of March 2024 04:44:27 PM

Произошла ошибка в файле: C:\OSPanel\domains\blog\app\Services\WeatherService.php
Код ошибки: 333
- Криворукий пользователь не правильно ввел название города
- Monday 18th of March 2024 04:44:46 PM

Произошла ошибка в файле: C:\OSPanel\domains\blog\app\Services\WeatherService.php
Код ошибки: 300
- Криворукий пользователь не ввел название города
- Monday 18th of March 2024 07:31:47 PM

Произошла ошибка в файле: C:\OSPanel\domains\blog\app\Services\WeatherService.php
Код ошибки: 300
- Криворукий пользователь не ввел название города
- Monday 18th of March 2024 07:34:39 PM

Произошла ошибка в файле: C:\OSPanel\domains\blog\app\Services\WeatherService.php
Код ошибки: 300
- Криворукий пользователь не ввел название города
- Monday 18th of March 2024 08:26:27 PM

Произошла ошибка в файле: C:\OSPanel\domains\blog\app\Services\WeatherService.php
Код ошибки: 300
- Криворукий пользователь не ввел название города
- Monday 18th of March 2024 08:33:15 PM

Произошла ошибка в файле: C:\OSPanel\domains\blog\app\Services\WeatherService.php
Код ошибки: 333
- Криворукий пользователь не правильно ввел название города
- Monday 18th of March 2024 09:01:34 PM

Произошла ошибка в файле: C:\OSPanel\domains\blog\app\Services\WeatherService.php
Код ошибки: 300
- Криворукий пользователь не ввел название города
- Monday 18th of March 2024 09:03:53 PM

Произошла ошибка в файле: C:\OSPanel\domains\blog\app\Services\WeatherService.php
Код ошибки: 300
- Криворукий пользователь не ввел название города
- Monday 18th of March 2024 09:03:55 PM

Произошла ошибка в файле: C:\OSPanel\domains\blog\app\Services\WeatherService.php
Код ошибки: 300
- Криворукий пользователь не ввел название города
- Monday 18th of March 2024 09:05:18 PM

Произошла ошибка в файле: C:\OSPanel\domains\blog\app\Services\WeatherService.php
Код ошибки: 300
- Криворукий пользователь не ввел название города
- Monday 18th of March 2024 09:05:59 PM

Произошла ошибка в файле: C:\OSPanel\domains\blog\app\Services\WeatherService.php
Код ошибки: 333
- Криворукий пользователь не правильно ввел название города
- Monday 18th of March 2024 09:11:20 PM

Произошла ошибка в файле: C:\OSPanel\domains\blog\app\Services\WeatherService.php
Код ошибки: 333
- Криворукий пользователь не правильно ввел название города
- Monday 18th of March 2024 09:13:28 PM

Произошла ошибка в файле: C:\OSPanel\domains\blog\app\Services\WeatherService.php
Код ошибки: 300
- Криворукий пользователь не ввел название города
- Monday 18th of March 2024 09:20:29 PM

Произошла ошибка в файле: C:\OSPanel\domains\blog\app\Services\WeatherService.php
Код ошибки: 300
- Криворукий пользователь не ввел название города
- Monday 18th of March 2024 09:28:49 PM

Произошла ошибка в файле: C:\OSPanel\domains\blog\app\Services\WeatherService.php
Код ошибки: 333
- Криворукий пользователь не правильно ввел название города
- Monday 18th of March 2024 09:29:00 PM

Произошла ошибка в файле: C:\OSPanel\domains\blog\app\Services\WeatherService.php
Код ошибки: 333
- Криворукий пользователь не правильно ввел название города
- Monday 18th of March 2024 09:32:16 PM

Произошла ошибка в файле: C:\OSPanel\domains\blog\app\Services\WeatherService.php
Код ошибки: 333
- Криворукий пользователь не правильно ввел название города
- Monday 18th of March 2024 09:32:54 PM

Произошла ошибка в файле: C:\OSPanel\domains\blog\app\Services\WeatherService.php
Код ошибки: 333
- Криворукий пользователь не правильно ввел название города
- Monday 18th of March 2024 09:33:26 PM

Произошла ошибка в файле: C:\OSPanel\domains\blog\app\Services\WeatherService.php
Код ошибки: 333
- Криворукий пользователь не правильно ввел название города
- Monday 18th of March 2024 09:37:00 PM

Произошла ошибка в файле: C:\OSPanel\domains\blog\app\Services\WeatherService.php
Код ошибки: 333
- Криворукий пользователь не правильно ввел название города
- Monday 18th of March 2024 09:37:59 PM

Произошла ошибка в файле: C:\OSPanel\domains\blog\app\Services\WeatherService.php
Код ошибки: 333
- Криворукий пользователь не правильно ввел название города
- Monday 18th of March 2024 09:38:14 PM

Произошла ошибка в файле: C:\OSPanel\domains\blog\app\Services\WeatherService.php
Код ошибки: 333
- Криворукий пользователь не правильно ввел название города
- Monday 18th of March 2024 09:38:42 PM

Произошла ошибка в файле: C:\OSPanel\domains\blog\app\Services\WeatherService.php
Код ошибки: 333
- Криворукий пользователь не правильно ввел название города
- Monday 18th of March 2024 09:38:55 PM

Произошла ошибка в файле: C:\OSPanel\domains\blog\app\Services\WeatherService.php
Код ошибки: 333
- Криворукий пользователь не правильно ввел название города
- Monday 18th of March 2024 09:39:18 PM

Произошла ошибка в файле: C:\OSPanel\domains\blog\app\Services\WeatherService.php
Код ошибки: 333
- Криворукий пользователь не правильно ввел название города
- Monday 18th of March 2024 09:40:05 PM

Произошла ошибка в файле: C:\OSPanel\domains\blog\app\Services\WeatherService.php
Код ошибки: 333
- Криворукий пользователь не правильно ввел название города
- Monday 18th of March 2024 09:40:20 PM

Произошла ошибка в файле: C:\OSPanel\domains\blog\app\Services\WeatherService.php
Код ошибки: 333
- Криворукий пользователь не правильно ввел название города
- Monday 18th of March 2024 09:44:58 PM

Произошла ошибка в файле: C:\OSPanel\domains\blog\app\Services\WeatherService.php
Код ошибки: 333
- Криворукий пользователь не правильно ввел название города
- Monday 18th of March 2024 09:45:01 PM

Произошла ошибка в файле: C:\OSPanel\domains\blog\app\Services\WeatherService.php
Код ошибки: 333
- Криворукий пользователь не правильно ввел название города
- Monday 18th of March 2024 09:45:09 PM

Произошла ошибка в файле: C:\OSPanel\domains\blog\app\Services\WeatherService.php
Код ошибки: 300
- Криворукий пользователь не ввел название города
- Monday 18th of March 2024 09:45:46 PM

Произошла ошибка в файле: C:\OSPanel\domains\blog\app\Services\WeatherService.php
Код ошибки: 333
- Криворукий пользователь не правильно ввел название города
- Monday 18th of March 2024 09:45:52 PM

Произошла ошибка в файле: C:\OSPanel\domains\blog\app\Services\WeatherService.php
Код ошибки: 300
- Криворукий пользователь не ввел название города
- Monday 18th of March 2024 09:45:58 PM

Произошла ошибка в файле: C:\OSPanel\domains\blog\app\Services\WeatherService.php
Код ошибки: 300
- Криворукий пользователь не ввел название города
- Monday 18th of March 2024 09:47:19 PM

Произошла ошибка в файле: C:\OSPanel\domains\blog\app\Services\WeatherService.php
Код ошибки: 333
- Криворукий пользователь не правильно ввел название города
- Monday 18th of March 2024 09:47:26 PM

Произошла ошибка в файле: C:\OSPanel\domains\blog\app\Services\WeatherService.php
Код ошибки: 333
- Криворукий пользователь не правильно ввел название города
- Monday 18th of March 2024 09:47:36 PM

Произошла ошибка в файле: C:\OSPanel\domains\blog\app\Services\WeatherService.php
Код ошибки: 333
- Криворукий пользователь не правильно ввел название города
- Monday 18th of March 2024 09:47:51 PM

Произошла ошибка в файле: C:\OSPanel\domains\blog\app\Services\WeatherService.php
Код ошибки: 333
- Криворукий пользователь не правильно ввел название города
- Monday 18th of March 2024 09:47:59 PM

Произошла ошибка в файле: C:\OSPanel\domains\blog\app\Services\WeatherService.php
Код ошибки: 333
- Криворукий пользователь не правильно ввел название города
- Monday 18th of March 2024 09:48:12 PM

Произошла ошибка в файле: C:\OSPanel\domains\blog\app\Services\WeatherService.php
Код ошибки: 333
- Криворукий пользователь не правильно ввел название города
- Monday 18th of March 2024 09:48:17 PM

Произошла ошибка в файле: C:\OSPanel\domains\blog\app\Services\WeatherService.php
Код ошибки: 333
- Криворукий пользователь не правильно ввел название города
- Monday 18th of March 2024 09:50:52 PM

Произошла ошибка в файле: C:\OSPanel\domains\blog\app\Services\WeatherService.php
Код ошибки: 300
- Криворукий пользователь не ввел название города
- Tuesday 19th of March 2024 04:20:56 AM

Произошла ошибка в файле: C:\OSPanel\domains\blog\app\Services\WeatherService.php
Код ошибки: 300
- Криворукий пользователь не ввел название города
- Tuesday 19th of March 2024 04:22:08 AM

Произошла ошибка в файле: C:\OSPanel\domains\blog\app\Services\WeatherService.php
Код ошибки: 300
- Криворукий пользователь не ввел название города
- Tuesday 19th of March 2024 04:22:31 AM

Произошла ошибка в файле: C:\OSPanel\domains\blog\app\Services\WeatherService.php
Код ошибки: 300
- Криворукий пользователь не ввел название города
- Tuesday 19th of March 2024 04:28:36 AM

Произошла ошибка в файле: C:\OSPanel\domains\blog\app\Services\WeatherService.php
Код ошибки: 300
- Криворукий пользователь не ввел название города
- Tuesday 19th of March 2024 04:28:36 AM

Произошла ошибка в файле: C:\OSPanel\domains\blog\app\Services\WeatherService.php
Код ошибки: 300
- Криворукий пользователь не ввел название города
- Tuesday 19th of March 2024 11:29:34 AM

Произошла ошибка в файле: C:\OSPanel\domains\blog\app\Services\WeatherService.php
Код ошибки: 300
- Криворукий пользователь не ввел название города
- Tuesday 19th of March 2024 11:38:00 AM

Произошла ошибка в файле: C:\OSPanel\domains\blog\app\Services\WeatherService.php
Код ошибки: 300
- Криворукий пользователь не ввел название города
- Tuesday 19th of March 2024 11:38:22 AM

Произошла ошибка в файле: C:\OSPanel\domains\blog\app\Services\WeatherService.php
Код ошибки: 300
- Криворукий пользователь не ввел название города
- Tuesday 19th of March 2024 11:38:24 AM

Произошла ошибка в файле: C:\OSPanel\domains\blog\app\Services\WeatherService.php
Код ошибки: 300
- Криворукий пользователь не ввел название города
- Tuesday 19th of March 2024 11:38:25 AM

Произошла ошибка в файле: C:\OSPanel\domains\blog\app\Services\WeatherService.php
Код ошибки: 300
- Криворукий пользователь не ввел название города
- Tuesday 19th of March 2024 11:38:26 AM

Произошла ошибка в файле: C:\OSPanel\domains\blog\app\Services\WeatherService.php
Код ошибки: 300
- Криворукий пользователь не ввел название города
- Tuesday 19th of March 2024 11:38:26 AM

Произошла ошибка в файле: C:\OSPanel\domains\blog\app\Services\WeatherService.php
Код ошибки: 300
- Криворукий пользователь не ввел название города
- Tuesday 19th of March 2024 11:38:26 AM

Произошла ошибка в файле: C:\OSPanel\domains\blog\app\Services\WeatherService.php
Код ошибки: 300
- Криворукий пользователь не ввел название города
- Tuesday 19th of March 2024 11:38:26 AM

Произошла ошибка в файле: C:\OSPanel\domains\blog\app\Services\WeatherService.php
Код ошибки: 300
- Криворукий пользователь не ввел название города
- Tuesday 19th of March 2024 11:38:27 AM

Произошла ошибка в файле: C:\OSPanel\domains\blog\app\Services\WeatherService.php
Код ошибки: 300
- Криворукий пользователь не ввел название города
- Tuesday 19th of March 2024 11:38:27 AM

Произошла ошибка в файле: C:\OSPanel\domains\blog\app\Services\WeatherService.php
Код ошибки: 300
- Криворукий пользователь не ввел название города
- Tuesday 19th of March 2024 11:38:27 AM

Произошла ошибка в файле: C:\OSPanel\domains\blog\app\Services\WeatherService.php
Код ошибки: 300
- Криворукий пользователь не ввел название города
- Tuesday 19th of March 2024 11:38:27 AM

Произошла ошибка в файле: C:\OSPanel\domains\blog\app\Services\WeatherService.php
Код ошибки: 300
- Криворукий пользователь не ввел название города
- Tuesday 19th of March 2024 11:40:17 AM

Произошла ошибка в файле: C:\OSPanel\domains\blog\app\Services\WeatherService.php
Код ошибки: 300
- Криворукий пользователь не ввел название города
- Tuesday 19th of March 2024 11:40:58 AM

Произошла ошибка в файле: C:\OSPanel\domains\blog\app\Services\WeatherService.php
Код ошибки: 300
- Криворукий пользователь не ввел название города
- Tuesday 19th of March 2024 11:41:49 AM

Произошла ошибка в файле: C:\OSPanel\domains\blog\app\Services\WeatherService.php
Код ошибки: 300
- Криворукий пользователь не ввел название города
- Tuesday 19th of March 2024 11:43:17 AM

Произошла ошибка в файле: C:\OSPanel\domains\blog\app\Services\WeatherService.php
Код ошибки: 300
- Криворукий пользователь не ввел название города
- Tuesday 19th of March 2024 11:55:26 AM

Произошла ошибка в файле: C:\OSPanel\domains\blog\app\Services\WeatherService.php
Код ошибки: 300
- Криворукий пользователь не ввел название города
- Tuesday 19th of March 2024 02:52:22 PM

Произошла ошибка в файле: C:\OSPanel\domains\blog\app\Services\WeatherService.php
Код ошибки: 300
- Криворукий пользователь не ввел название города
- Tuesday 19th of March 2024 04:44:02 PM

Произошла ошибка в файле: C:\OSPanel\domains\blog\app\Services\WeatherService.php
Код ошибки: 300
- Криворукий пользователь не ввел название города
- Tuesday 19th of March 2024 04:44:02 PM

Произошла ошибка в файле: C:\OSPanel\domains\blog\app\Services\WeatherService.php
Код ошибки: 300
- Криворукий пользователь не ввел название города
- Friday 22nd of March 2024 07:34:13 PM

Произошла ошибка в файле: C:\OSPanel\domains\blog\app\Services\WeatherService.php
Код ошибки: 300
- Криворукий пользователь не ввел название города
- Friday 22nd of March 2024 07:55:05 PM

Произошла ошибка в файле: C:\OSPanel\domains\blog\app\Services\WeatherService.php
Код ошибки: 300
- Криворукий пользователь не ввел название города
- Monday 1st of April 2024 12:16:24 PM

Произошла ошибка в файле: C:\OSPanel\domains\blog\app\Services\WeatherService.php
Код ошибки: 300
- Криворукий пользователь не ввел название города
- Monday 1st of April 2024 12:25:18 PM

Произошла ошибка в файле: C:\OSPanel\domains\blog\app\Services\WeatherService.php
Код ошибки: 300
- Криворукий пользователь не ввел название города
- Monday 1st of April 2024 12:25:43 PM

Произошла ошибка в файле: C:\OSPanel\domains\blog\app\Services\WeatherService.php
Код ошибки: 300
- Криворукий пользователь не ввел название города
- Monday 1st of April 2024 12:30:53 PM

Произошла ошибка в файле: C:\OSPanel\domains\blog\app\Services\WeatherService.php
Код ошибки: 300
- Криворукий пользователь не ввел название города
- Monday 1st of April 2024 12:43:40 PM

Произошла ошибка в файле: C:\OSPanel\domains\blog\app\Services\WeatherService.php
Код ошибки: 300
- Криворукий пользователь не ввел название города
- Monday 1st of April 2024 12:44:57 PM

Произошла ошибка в файле: C:\OSPanel\domains\blog\app\Services\WeatherService.php
Код ошибки: 300
- Криворукий пользователь не ввел название города
- Monday 1st of April 2024 12:46:03 PM

Произошла ошибка в файле: C:\OSPanel\domains\blog\app\Services\WeatherService.php
Код ошибки: 300
- Криворукий пользователь не ввел название города
- Monday 1st of April 2024 12:50:09 PM

Произошла ошибка в файле: C:\OSPanel\domains\blog\app\Services\WeatherService.php
Код ошибки: 300
- Криворукий пользователь не ввел название города
- Monday 1st of April 2024 12:55:03 PM

Произошла ошибка в файле: C:\OSPanel\domains\blog\app\Services\WeatherService.php
Код ошибки: 300
- Криворукий пользователь не ввел название города
- Monday 1st of April 2024 12:58:18 PM

Произошла ошибка в файле: C:\OSPanel\domains\blog\app\Services\WeatherService.php
Код ошибки: 300
- Криворукий пользователь не ввел название города
- Friday 5th of April 2024 05:19:18 PM

Произошла ошибка в файле: /var/www/html/app/Services/WeatherService.php
Код ошибки: 300
- Криворукий пользователь не ввел название города
- Sunday 7th of April 2024 07:29:34 PM

Произошла ошибка в файле: /var/www/html/app/Services/WeatherService.php
Код ошибки: 300
- Криворукий пользователь не ввел название города
- Sunday 7th of April 2024 07:49:11 PM

Произошла ошибка в файле: /var/www/html/app/Services/WeatherService.php
Код ошибки: 300
- Криворукий пользователь не ввел название города
- Sunday 7th of April 2024 08:01:25 PM

Произошла ошибка в файле: /var/www/html/app/Services/WeatherService.php
Код ошибки: 300
- Криворукий пользователь не ввел название города
- Monday 8th of April 2024 04:05:09 PM

Произошла ошибка в файле: /var/www/html/app/Services/WeatherService.php
Код ошибки: 300
- Криворукий пользователь не ввел название города
- Monday 8th of April 2024 04:11:02 PM

Произошла ошибка в файле: /var/www/html/app/Services/WeatherService.php
Код ошибки: 300
- Криворукий пользователь не ввел название города
- Saturday 13th of April 2024 05:23:43 AM

Произошла ошибка в файле: /var/www/html/app/Services/WeatherService.php
Код ошибки: 300
- Криворукий пользователь не ввел название города
- Saturday 13th of April 2024 05:26:00 AM

Произошла ошибка в файле: /var/www/html/app/Services/WeatherService.php
Код ошибки: 300
- Криворукий пользователь не ввел название города
- Saturday 13th of April 2024 05:26:58 AM

Произошла ошибка в файле: /var/www/html/app/Services/WeatherService.php
Код ошибки: 300
- Криворукий пользователь не ввел название города
- Saturday 13th of April 2024 05:50:54 AM

Произошла ошибка в файле: /var/www/html/app/Services/WeatherService.php
Код ошибки: 300
- Криворукий пользователь не ввел название города
- Saturday 13th of April 2024 05:53:45 AM

Произошла ошибка в файле: /var/www/html/app/Services/WeatherService.php
Код ошибки: 300
- Криворукий пользователь не ввел название города
- Saturday 13th of April 2024 05:53:59 AM

Произошла ошибка в файле: /var/www/html/app/Services/WeatherService.php
Код ошибки: 300
- Криворукий пользователь не ввел название города
- Saturday 13th of April 2024 06:04:19 AM

Произошла ошибка в файле: /var/www/html/app/Services/WeatherService.php
Код ошибки: 300
- Криворукий пользователь не ввел название города
- Saturday 13th of April 2024 06:05:05 AM

Произошла ошибка в файле: /var/www/html/app/Services/WeatherService.php
Код ошибки: 300
- Криворукий пользователь не ввел название города
- Saturday 13th of April 2024 07:16:08 AM

Произошла ошибка в файле: /var/www/html/app/Services/WeatherService.php
Код ошибки: 300
- Криворукий пользователь не ввел название города
- Thursday 18th of April 2024 11:33:13 AM

Произошла ошибка в файле: /var/www/html/app/Services/WeatherService.php
Код ошибки: 300
- Криворукий пользователь не ввел название города
- Thursday 18th of April 2024 11:44:38 AM

Произошла ошибка в файле: /var/www/html/app/Services/WeatherService.php
Код ошибки: 300
- Криворукий пользователь не ввел название города
- Thursday 18th of April 2024 11:46:50 AM

Произошла ошибка в файле: /var/www/html/app/Services/WeatherService.php
Код ошибки: 300
- Криворукий пользователь не ввел название города
- Thursday 18th of April 2024 11:48:13 AM

Произошла ошибка в файле: /var/www/html/app/Services/WeatherService.php
Код ошибки: 300
- Криворукий пользователь не ввел название города
- Thursday 18th of April 2024 11:49:11 AM

Произошла ошибка в файле: /var/www/html/app/Services/WeatherService.php
Код ошибки: 300
- Криворукий пользователь не ввел название города
- Thursday 18th of April 2024 11:50:35 AM

Произошла ошибка в файле: /var/www/html/app/Services/WeatherService.php
Код ошибки: 300
- Криворукий пользователь не ввел название города
- Thursday 18th of April 2024 11:51:21 AM

Произошла ошибка в файле: /var/www/html/app/Services/WeatherService.php
Код ошибки: 300
- Криворукий пользователь не ввел название города
- Thursday 18th of April 2024 11:52:10 AM

Произошла ошибка в файле: /var/www/html/app/Services/WeatherService.php
Код ошибки: 300
- Криворукий пользователь не ввел название города
- Thursday 18th of April 2024 11:56:03 AM

Произошла ошибка в файле: /var/www/html/app/Services/WeatherService.php
Код ошибки: 300
- Криворукий пользователь не ввел название города
- Thursday 18th of April 2024 12:30:11 PM

Произошла ошибка в файле: /var/www/html/app/Services/WeatherService.php
Код ошибки: 300
- Криворукий пользователь не ввел название города
- Thursday 18th of April 2024 12:33:53 PM

Произошла ошибка в файле: /var/www/html/app/Services/WeatherService.php
Код ошибки: 300
- Криворукий пользователь не ввел название города
- Thursday 18th of April 2024 12:34:19 PM

Произошла ошибка в файле: /var/www/html/app/Services/WeatherService.php
Код ошибки: 300
- Криворукий пользователь не ввел название города
- Thursday 18th of April 2024 12:34:40 PM

Произошла ошибка в файле: /var/www/html/app/Services/WeatherService.php
Код ошибки: 300
- Криворукий пользователь не ввел название города
- Thursday 18th of April 2024 12:34:42 PM

Произошла ошибка в файле: /var/www/html/app/Services/WeatherService.php
Код ошибки: 300
- Криворукий пользователь не ввел название города
- Thursday 18th of April 2024 12:34:43 PM

Произошла ошибка в файле: /var/www/html/app/Services/WeatherService.php
Код ошибки: 300
- Криворукий пользователь не ввел название города
- Thursday 18th of April 2024 12:34:44 PM

Произошла ошибка в файле: /var/www/html/app/Services/WeatherService.php
Код ошибки: 300
- Криворукий пользователь не ввел название города
- Thursday 18th of April 2024 12:34:45 PM

Произошла ошибка в файле: /var/www/html/app/Services/WeatherService.php
Код ошибки: 300
- Криворукий пользователь не ввел название города
- Thursday 18th of April 2024 12:34:47 PM

Произошла ошибка в файле: /var/www/html/app/Services/WeatherService.php
Код ошибки: 300
- Криворукий пользователь не ввел название города
- Thursday 18th of April 2024 12:34:49 PM

Произошла ошибка в файле: /var/www/html/app/Services/WeatherService.php
Код ошибки: 300
- Криворукий пользователь не ввел название города
- Thursday 18th of April 2024 12:34:50 PM

Произошла ошибка в файле: /var/www/html/app/Services/WeatherService.php
Код ошибки: 300
- Криворукий пользователь не ввел название города
- Thursday 18th of April 2024 12:35:15 PM

Произошла ошибка в файле: /var/www/html/app/Services/WeatherService.php
Код ошибки: 300
- Криворукий пользователь не ввел название города
- Thursday 18th of April 2024 12:35:40 PM

Произошла ошибка в файле: /var/www/html/app/Services/WeatherService.php
Код ошибки: 300
- Криворукий пользователь не ввел название города
- Thursday 18th of April 2024 12:36:34 PM

Произошла ошибка в файле: /var/www/html/app/Services/WeatherService.php
Код ошибки: 300
- Криворукий пользователь не ввел название города
- Thursday 18th of April 2024 12:37:09 PM

Произошла ошибка в файле: /var/www/html/app/Services/WeatherService.php
Код ошибки: 300
- Криворукий пользователь не ввел название города
- Thursday 18th of April 2024 12:37:35 PM

Произошла ошибка в файле: /var/www/html/app/Services/WeatherService.php
Код ошибки: 300
- Криворукий пользователь не ввел название города
- Thursday 18th of April 2024 12:39:42 PM

Произошла ошибка в файле: /var/www/html/app/Services/WeatherService.php
Код ошибки: 300
- Криворукий пользователь не ввел название города
- Thursday 18th of April 2024 12:40:21 PM

Произошла ошибка в файле: /var/www/html/app/Services/WeatherService.php
Код ошибки: 300
- Криворукий пользователь не ввел название города
- Thursday 18th of April 2024 12:41:07 PM

Произошла ошибка в файле: /var/www/html/app/Services/WeatherService.php
Код ошибки: 300
- Криворукий пользователь не ввел название города
- Thursday 18th of April 2024 12:42:03 PM

Произошла ошибка в файле: /var/www/html/app/Services/WeatherService.php
Код ошибки: 300
- Криворукий пользователь не ввел название города
- Thursday 18th of April 2024 12:42:05 PM

Произошла ошибка в файле: /var/www/html/app/Services/WeatherService.php
Код ошибки: 300
- Криворукий пользователь не ввел название города
- Thursday 18th of April 2024 12:52:29 PM

Произошла ошибка в файле: /var/www/html/app/Services/WeatherService.php
Код ошибки: 300
- Криворукий пользователь не ввел название города
- Thursday 18th of April 2024 12:58:04 PM

Произошла ошибка в файле: /var/www/html/app/Services/WeatherService.php
Код ошибки: 300
- Криворукий пользователь не ввел название города
- Thursday 18th of April 2024 01:00:08 PM

Произошла ошибка в файле: /var/www/html/app/Services/WeatherService.php
Код ошибки: 300
- Криворукий пользователь не ввел название города
- Thursday 18th of April 2024 07:29:32 PM

Произошла ошибка в файле: /var/www/html/app/Services/WeatherService.php
Код ошибки: 300
- Криворукий пользователь не ввел название города
- Thursday 18th of April 2024 07:30:20 PM

Произошла ошибка в файле: /var/www/html/app/Services/WeatherService.php
Код ошибки: 300
- Криворукий пользователь не ввел название города
- Thursday 18th of April 2024 07:30:44 PM

Произошла ошибка в файле: /var/www/html/app/Services/WeatherService.php
Код ошибки: 300
- Криворукий пользователь не ввел название города
- Thursday 18th of April 2024 07:36:55 PM

Произошла ошибка в файле: /var/www/html/app/Services/WeatherService.php
Код ошибки: 300
- Криворукий пользователь не ввел название города
- Thursday 18th of April 2024 07:44:47 PM

Произошла ошибка в файле: /var/www/html/app/Services/WeatherService.php
Код ошибки: 300
- Криворукий пользователь не ввел название города
- Thursday 18th of April 2024 08:07:16 PM

Произошла ошибка в файле: /var/www/html/app/Services/WeatherService.php
Код ошибки: 300
- Криворукий пользователь не ввел название города
- Saturday 20th of April 2024 05:44:19 AM

Произошла ошибка в файле: /var/www/html/app/Services/WeatherService.php
Код ошибки: 300
- Криворукий пользователь не ввел название города
- Saturday 20th of April 2024 05:45:06 AM

Произошла ошибка в файле: /var/www/html/app/Services/WeatherService.php
Код ошибки: 300
- Криворукий пользователь не ввел название города
- Saturday 20th of April 2024 05:46:22 AM

Произошла ошибка в файле: /var/www/html/app/Services/WeatherService.php
Код ошибки: 300
- Криворукий пользователь не ввел название города
- Saturday 20th of April 2024 06:00:02 AM

Произошла ошибка в файле: /var/www/html/app/Services/WeatherService.php
Код ошибки: 300
- Криворукий пользователь не ввел название города
- Saturday 20th of April 2024 06:00:51 AM

Произошла ошибка в файле: /var/www/html/app/Services/WeatherService.php
Код ошибки: 300
- Криворукий пользователь не ввел название города
- Saturday 20th of April 2024 06:01:03 AM

Произошла ошибка в файле: /var/www/html/app/Services/WeatherService.php
Код ошибки: 300
- Криворукий пользователь не ввел название города
- Saturday 20th of April 2024 06:01:37 AM

Произошла ошибка в файле: /var/www/html/app/Services/WeatherService.php
Код ошибки: 300
- Криворукий пользователь не ввел название города
- Saturday 20th of April 2024 06:05:11 AM

Произошла ошибка в файле: /var/www/html/app/Services/WeatherService.php
Код ошибки: 300
- Криворукий пользователь не ввел название города
- Saturday 20th of April 2024 06:21:55 AM

Произошла ошибка в файле: /var/www/html/app/Services/WeatherService.php
Код ошибки: 300
- Криворукий пользователь не ввел название города
- Saturday 20th of April 2024 06:22:59 AM

Произошла ошибка в файле: /var/www/html/app/Services/WeatherService.php
Код ошибки: 300
- Криворукий пользователь не ввел название города
- Saturday 20th of April 2024 06:29:03 AM

Произошла ошибка в файле: /var/www/html/app/Services/WeatherService.php
Код ошибки: 300
- Криворукий пользователь не ввел название города
- Saturday 20th of April 2024 06:30:39 AM

Произошла ошибка в файле: /var/www/html/app/Services/WeatherService.php
Код ошибки: 300
- Криворукий пользователь не ввел название города
- Saturday 20th of April 2024 06:31:42 AM

Произошла ошибка в файле: /var/www/html/app/Services/WeatherService.php
Код ошибки: 300
- Криворукий пользователь не ввел название города
- Sunday 21st of April 2024 03:31:36 AM

Произошла ошибка в файле: /var/www/html/app/Services/WeatherService.php
Код ошибки: 300
- Криворукий пользователь не ввел название города
- Sunday 21st of April 2024 03:32:01 AM

Произошла ошибка в файле: /var/www/html/app/Services/WeatherService.php
Код ошибки: 300
- Криворукий пользователь не ввел название города
- Sunday 21st of April 2024 03:36:43 AM

Произошла ошибка в файле: /var/www/html/app/Services/WeatherService.php
Код ошибки: 300
- Криворукий пользователь не ввел название города
- Sunday 21st of April 2024 03:37:15 AM

Произошла ошибка в файле: /var/www/html/app/Services/WeatherService.php
Код ошибки: 300
- Криворукий пользователь не ввел название города
- Sunday 21st of April 2024 03:54:12 AM

Произошла ошибка в файле: /var/www/html/app/Services/WeatherService.php
Код ошибки: 300
- Криворукий пользователь не ввел название города
- Sunday 21st of April 2024 03:58:04 AM

Произошла ошибка в файле: /var/www/html/app/Services/WeatherService.php
Код ошибки: 300
- Криворукий пользователь не ввел название города
- Sunday 21st of April 2024 03:59:41 AM

Произошла ошибка в файле: /var/www/html/app/Services/WeatherService.php
Код ошибки: 300
- Криворукий пользователь не ввел название города
- Sunday 21st of April 2024 04:00:25 AM

Произошла ошибка в файле: /var/www/html/app/Services/WeatherService.php
Код ошибки: 300
- Криворукий пользователь не ввел название города
- Sunday 21st of April 2024 04:02:27 AM

Произошла ошибка в файле: /var/www/html/app/Services/WeatherService.php
Код ошибки: 300
- Криворукий пользователь не ввел название города
- Sunday 21st of April 2024 04:03:40 AM

Произошла ошибка в файле: /var/www/html/app/Services/WeatherService.php
Код ошибки: 300
- Криворукий пользователь не ввел название города
- Sunday 21st of April 2024 12:17:13 PM

Произошла ошибка в файле: /var/www/html/app/Services/WeatherService.php
Код ошибки: 300
- Криворукий пользователь не ввел название города
- Sunday 21st of April 2024 01:09:12 PM

Произошла ошибка в файле: /var/www/html/app/Services/WeatherService.php
Код ошибки: 300
- Криворукий пользователь не ввел название города
- Sunday 21st of April 2024 01:09:22 PM

Произошла ошибка в файле: /var/www/html/app/Services/WeatherService.php
Код ошибки: 300
- Криворукий пользователь не ввел название города
- Sunday 21st of April 2024 01:12:49 PM

Произошла ошибка в файле: /var/www/html/app/Services/WeatherService.php
Код ошибки: 300
- Криворукий пользователь не ввел название города
- Sunday 21st of April 2024 01:14:23 PM

Произошла ошибка в файле: /var/www/html/app/Services/WeatherService.php
Код ошибки: 300
- Криворукий пользователь не ввел название города
- Sunday 21st of April 2024 01:26:51 PM

Произошла ошибка в файле: /var/www/html/app/Services/WeatherService.php
Код ошибки: 300
- Криворукий пользователь не ввел название города
- Sunday 21st of April 2024 01:31:15 PM

Произошла ошибка в файле: /var/www/html/app/Services/WeatherService.php
Код ошибки: 300
- Криворукий пользователь не ввел название города
- Sunday 21st of April 2024 01:32:27 PM

Произошла ошибка в файле: /var/www/html/app/Services/WeatherService.php
Код ошибки: 300
- Криворукий пользователь не ввел название города
- Sunday 21st of April 2024 01:38:02 PM

Произошла ошибка в файле: /var/www/html/app/Services/WeatherService.php
Код ошибки: 300
- Криворукий пользователь не ввел название города
- Sunday 21st of April 2024 01:42:01 PM

Произошла ошибка в файле: /var/www/html/app/Services/WeatherService.php
Код ошибки: 300
- Криворукий пользователь не ввел название города
- Sunday 21st of April 2024 01:43:20 PM

Произошла ошибка в файле: /var/www/html/app/Services/WeatherService.php
Код ошибки: 300
- Криворукий пользователь не ввел название города
- Sunday 21st of April 2024 01:53:13 PM

Произошла ошибка в файле: /var/www/html/app/Services/WeatherService.php
Код ошибки: 300
- Криворукий пользователь не ввел название города
- Sunday 21st of April 2024 01:56:59 PM

Произошла ошибка в файле: /var/www/html/app/Services/WeatherService.php
Код ошибки: 300
- Криворукий пользователь не ввел название города
- Sunday 21st of April 2024 02:05:23 PM

Произошла ошибка в файле: /var/www/html/app/Services/WeatherService.php
Код ошибки: 300
- Криворукий пользователь не ввел название города
- Sunday 21st of April 2024 02:07:15 PM

Произошла ошибка в файле: /var/www/html/app/Services/WeatherService.php
Код ошибки: 300
- Криворукий пользователь не ввел название города
- Sunday 21st of April 2024 02:09:42 PM

Произошла ошибка в файле: /var/www/html/app/Services/WeatherService.php
Код ошибки: 300
- Криворукий пользователь не ввел название города
- Sunday 21st of April 2024 02:12:43 PM

Произошла ошибка в файле: /var/www/html/app/Services/WeatherService.php
Код ошибки: 300
- Криворукий пользователь не ввел название города
- Sunday 21st of April 2024 02:14:40 PM

Произошла ошибка в файле: /var/www/html/app/Services/WeatherService.php
Код ошибки: 300
- Криворукий пользователь не ввел название города
- Sunday 21st of April 2024 02:14:51 PM

Произошла ошибка в файле: /var/www/html/app/Services/WeatherService.php
Код ошибки: 300
- Криворукий пользователь не ввел название города
- Sunday 21st of April 2024 02:17:14 PM

Произошла ошибка в файле: /var/www/html/app/Services/WeatherService.php
Код ошибки: 300
- Криворукий пользователь не ввел название города
- Sunday 21st of April 2024 02:17:23 PM

Произошла ошибка в файле: /var/www/html/app/Services/WeatherService.php
Код ошибки: 300
- Криворукий пользователь не ввел название города
- Sunday 21st of April 2024 02:19:24 PM

Произошла ошибка в файле: /var/www/html/app/Services/WeatherService.php
Код ошибки: 300
- Криворукий пользователь не ввел название города
- Sunday 21st of April 2024 02:21:24 PM

Произошла ошибка в файле: /var/www/html/app/Services/WeatherService.php
Код ошибки: 300
- Криворукий пользователь не ввел название города
- Sunday 21st of April 2024 02:22:23 PM

Произошла ошибка в файле: /var/www/html/app/Services/WeatherService.php
Код ошибки: 300
- Криворукий пользователь не ввел название города
- Sunday 21st of April 2024 02:22:50 PM

Произошла ошибка в файле: /var/www/html/app/Services/WeatherService.php
Код ошибки: 300
- Криворукий пользователь не ввел название города
- Sunday 21st of April 2024 02:23:11 PM

Произошла ошибка в файле: /var/www/html/app/Services/WeatherService.php
Код ошибки: 300
- Криворукий пользователь не ввел название города
- Sunday 21st of April 2024 02:24:21 PM

Произошла ошибка в файле: /var/www/html/app/Services/WeatherService.php
Код ошибки: 300
- Криворукий пользователь не ввел название города
- Sunday 21st of April 2024 05:31:25 PM

Произошла ошибка в файле: /var/www/html/app/Services/WeatherService.php
Код ошибки: 300
- Криворукий пользователь не ввел название города
- Sunday 21st of April 2024 05:41:11 PM

Произошла ошибка в файле: /var/www/html/app/Services/WeatherService.php
Код ошибки: 300
- Криворукий пользователь не ввел название города
- Sunday 21st of April 2024 05:43:24 PM

Произошла ошибка в файле: /var/www/html/app/Services/WeatherService.php
Код ошибки: 300
- Криворукий пользователь не ввел название города
- Sunday 21st of April 2024 05:44:08 PM

Произошла ошибка в файле: /var/www/html/app/Services/WeatherService.php
Код ошибки: 300
- Криворукий пользователь не ввел название города
- Sunday 21st of April 2024 05:47:51 PM

Произошла ошибка в файле: /var/www/html/app/Services/WeatherService.php
Код ошибки: 300
- Криворукий пользователь не ввел название города
- Sunday 21st of April 2024 05:53:44 PM

Произошла ошибка в файле: /var/www/html/app/Services/WeatherService.php
Код ошибки: 300
- Криворукий пользователь не ввел название города
- Sunday 21st of April 2024 06:01:33 PM

Произошла ошибка в файле: /var/www/html/app/Services/WeatherService.php
Код ошибки: 300
- Криворукий пользователь не ввел название города
- Sunday 21st of April 2024 06:01:46 PM

Произошла ошибка в файле: /var/www/html/app/Services/WeatherService.php
Код ошибки: 300
- Криворукий пользователь не ввел название города
- Sunday 21st of April 2024 06:21:32 PM

Произошла ошибка в файле: /var/www/html/app/Services/WeatherService.php
Код ошибки: 300
- Криворукий пользователь не ввел название города
- Sunday 21st of April 2024 06:21:40 PM

Произошла ошибка в файле: /var/www/html/app/Services/WeatherService.php
Код ошибки: 300
- Криворукий пользователь не ввел название города
- Sunday 21st of April 2024 06:21:48 PM

Произошла ошибка в файле: /var/www/html/app/Services/WeatherService.php
Код ошибки: 300
- Криворукий пользователь не ввел название города
- Sunday 21st of April 2024 06:27:09 PM

Произошла ошибка в файле: /var/www/html/app/Services/WeatherService.php
Код ошибки: 300
- Криворукий пользователь не ввел название города
- Sunday 21st of April 2024 06:27:09 PM

Произошла ошибка в файле: /var/www/html/app/Services/WeatherService.php
Код ошибки: 300
- Криворукий пользователь не ввел название города
- Sunday 21st of April 2024 06:28:06 PM

Произошла ошибка в файле: /var/www/html/app/Services/WeatherService.php
Код ошибки: 300
- Криворукий пользователь не ввел название города
- Sunday 21st of April 2024 06:28:42 PM

Произошла ошибка в файле: /var/www/html/app/Services/WeatherService.php
Код ошибки: 300
- Криворукий пользователь не ввел название города
- Sunday 21st of April 2024 06:29:03 PM

Произошла ошибка в файле: /var/www/html/app/Services/WeatherService.php
Код ошибки: 300
- Криворукий пользователь не ввел название города
- Sunday 21st of April 2024 06:31:11 PM

Произошла ошибка в файле: /var/www/html/app/Services/WeatherService.php
Код ошибки: 300
- Криворукий пользователь не ввел название города
- Sunday 21st of April 2024 06:32:20 PM

Произошла ошибка в файле: /var/www/html/app/Services/WeatherService.php
Код ошибки: 300
- Криворукий пользователь не ввел название города
- Sunday 21st of April 2024 06:38:36 PM

Произошла ошибка в файле: /var/www/html/app/Services/WeatherService.php
Код ошибки: 300
- Криворукий пользователь не ввел название города
- Sunday 21st of April 2024 06:41:18 PM

Произошла ошибка в файле: /var/www/html/app/Services/WeatherService.php
Код ошибки: 300
- Криворукий пользователь не ввел название города
- Sunday 21st of April 2024 06:42:18 PM

Произошла ошибка в файле: /var/www/html/app/Services/WeatherService.php
Код ошибки: 300
- Криворукий пользователь не ввел название города
- Sunday 21st of April 2024 06:42:18 PM

Произошла ошибка в файле: /var/www/html/app/Services/WeatherService.php
Код ошибки: 300
- Криворукий пользователь не ввел название города
- Sunday 21st of April 2024 06:42:27 PM

Произошла ошибка в файле: /var/www/html/app/Services/WeatherService.php
Код ошибки: 300
- Криворукий пользователь не ввел название города
- Sunday 21st of April 2024 06:51:57 PM

Произошла ошибка в файле: /var/www/html/app/Services/WeatherService.php
Код ошибки: 300
- Криворукий пользователь не ввел название города
- Sunday 21st of April 2024 06:52:27 PM

Произошла ошибка в файле: /var/www/html/app/Services/WeatherService.php
Код ошибки: 300
- Криворукий пользователь не ввел название города
- Sunday 21st of April 2024 06:58:51 PM

Произошла ошибка в файле: /var/www/html/app/Services/WeatherService.php
Код ошибки: 300
- Криворукий пользователь не ввел название города
- Sunday 21st of April 2024 06:59:21 PM

Произошла ошибка в файле: /var/www/html/app/Services/WeatherService.php
Код ошибки: 300
- Криворукий пользователь не ввел название города
- Sunday 21st of April 2024 06:59:42 PM

Произошла ошибка в файле: /var/www/html/app/Services/WeatherService.php
Код ошибки: 300
- Криворукий пользователь не ввел название города
- Sunday 21st of April 2024 07:00:04 PM

Произошла ошибка в файле: /var/www/html/app/Services/WeatherService.php
Код ошибки: 300
- Криворукий пользователь не ввел название города
- Sunday 21st of April 2024 07:08:08 PM

Произошла ошибка в файле: /var/www/html/app/Services/WeatherService.php
Код ошибки: 300
- Криворукий пользователь не ввел название города
- Sunday 21st of April 2024 07:28:20 PM

Произошла ошибка в файле: /var/www/html/app/Services/WeatherService.php
Код ошибки: 300
- Криворукий пользователь не ввел название города
- Sunday 21st of April 2024 07:29:39 PM

Произошла ошибка в файле: /var/www/html/app/Services/WeatherService.php
Код ошибки: 300
- Криворукий пользователь не ввел название города
- Sunday 21st of April 2024 07:37:59 PM

Произошла ошибка в файле: /var/www/html/app/Services/WeatherService.php
Код ошибки: 300
- Криворукий пользователь не ввел название города
- Sunday 21st of April 2024 07:44:20 PM

Произошла ошибка в файле: /var/www/html/app/Services/WeatherService.php
Код ошибки: 300
- Криворукий пользователь не ввел название города
- Sunday 21st of April 2024 07:47:49 PM

Произошла ошибка в файле: /var/www/html/app/Services/WeatherService.php
Код ошибки: 300
- Криворукий пользователь не ввел название города
- Sunday 21st of April 2024 07:48:17 PM

Произошла ошибка в файле: /var/www/html/app/Services/WeatherService.php
Код ошибки: 300
- Криворукий пользователь не ввел название города
- Sunday 21st of April 2024 08:04:55 PM

Произошла ошибка в файле: /var/www/html/app/Services/WeatherService.php
Код ошибки: 300
- Криворукий пользователь не ввел название города
- Sunday 21st of April 2024 08:08:44 PM

Произошла ошибка в файле: /var/www/html/app/Services/WeatherService.php
Код ошибки: 300
- Криворукий пользователь не ввел название города
- Sunday 21st of April 2024 08:09:54 PM

Произошла ошибка в файле: /var/www/html/app/Services/WeatherService.php
Код ошибки: 300
- Криворукий пользователь не ввел название города
- Monday 22nd of April 2024 12:09:55 PM

Произошла ошибка в файле: /var/www/html/app/Services/WeatherService.php
Код ошибки: 300
- Криворукий пользователь не ввел название города
- Monday 22nd of April 2024 12:10:31 PM

Произошла ошибка в файле: /var/www/html/app/Services/WeatherService.php
Код ошибки: 300
- Криворукий пользователь не ввел название города
- Monday 22nd of April 2024 12:15:34 PM

