Произошла ошибка в файле: C:\OSPanel\domains\blog\app\Services\CurrencyService.php
Код ошибки: 1792
- Криворукий пользователь не правильно ввел название валюты
- Thursday 14th of March 2024 06:14:29 PM

Произошла ошибка в файле: C:\OSPanel\domains\blog\app\Services\CurrencyService.php
Код ошибки: 1792
- Криворукий пользователь не правильно ввел название валюты
- Thursday 14th of March 2024 08:12:50 PM

Произошла ошибка в файле: C:\OSPanel\domains\blog\app\Services\CurrencyService.php
Код ошибки: 1792
- Криворукий пользователь не правильно ввел название валюты
- Saturday 16th of March 2024 07:00:32 PM

Произошла ошибка в файле: C:\OSPanel\domains\blog\app\Services\CurrencyService.php
Код ошибки: 1792
- Криворукий пользователь не правильно ввел название валюты
- Saturday 16th of March 2024 07:57:12 PM

Произошла ошибка в файле: C:\OSPanel\domains\blog\app\Services\CurrencyService.php
Код ошибки: 1792
- Криворукий пользователь не правильно ввел название валюты
- Saturday 16th of March 2024 08:07:45 PM

Произошла ошибка в файле: C:\OSPanel\domains\blog\app\Services\CurrencyService.php
Код ошибки: 1792
- Криворукий пользователь не правильно ввел название валюты
- Saturday 16th of March 2024 08:07:51 PM

Произошла ошибка в файле: C:\OSPanel\domains\blog\app\Services\CurrencyService.php
Код ошибки: 1792
- Криворукий пользователь не правильно ввел название валюты
- Saturday 16th of March 2024 08:12:00 PM

Произошла ошибка в файле: C:\OSPanel\domains\blog\app\Services\CurrencyService.php
Код ошибки: 1792
- Криворукий пользователь не правильно ввел название валюты
- Saturday 16th of March 2024 10:43:43 PM

Произошла ошибка в файле: C:\OSPanel\domains\blog\app\Services\CurrencyService.php
Код ошибки: 1792
- Криворукий пользователь не правильно ввел название валюты
- Saturday 16th of March 2024 10:43:53 PM

