{
    "Date": "2024-04-06T11:30:00+03:00",
    "PreviousDate": "2024-04-05T11:30:00+03:00",
    "PreviousURL": "\/\/www.cbr-xml-daily.ru\/archive\/2024\/04\/05\/daily_json.js",
    "Timestamp": "2024-04-06T20:00:00+03:00",
    "Valute": {
        "AUD": {
            "ID": "R01010",
            "NumCode": "036",
            "CharCode": "AUD",
            "Nominal": 1,
            "Name": "Австралийский доллар",
            "Value": 60.7355,
            "Previous": 60.8018
        },
        "AZN": {
            "ID": "R01020A",
            "NumCode": "944",
            "CharCode": "AZN",
            "Nominal": 1,
            "Name": "Азербайджанский манат",
            "Value": 54.3621,
            "Previous": 54.2975
        },
        "GBP": {
            "ID": "R01035",
            "NumCode": "826",
            "CharCode": "GBP",
            "Nominal": 1,
            "Name": "Фунт стерлингов Соединенного королевства",
            "Value": 117.072,
            "Previous": 116.4807
        },
        "AMD": {
            "ID": "R01060",
            "NumCode": "051",
            "CharCode": "AMD",
            "Nominal": 100,
            "Name": "Армянских драмов",
            "Value": 23.7896,
            "Previous": 23.754
        },
        "BYN": {
            "ID": "R01090B",
            "NumCode": "933",
            "CharCode": "BYN",
            "Nominal": 1,
            "Name": "Белорусский рубль",
            "Value": 28.3971,
            "Previous": 28.3608
        },
        "BGN": {
            "ID": "R01100",
            "NumCode": "975",
            "CharCode": "BGN",
            "Nominal": 1,
            "Name": "Болгарский лев",
            "Value": 51.277,
            "Previous": 50.8906
        },
        "BRL": {
            "ID": "R01115",
            "NumCode": "986",
            "CharCode": "BRL",
            "Nominal": 1,
            "Name": "Бразильский реал",
            "Value": 18.397,
            "Previous": 18.1987
        },
        "HUF": {
            "ID": "R01135",
            "NumCode": "348",
            "CharCode": "HUF",
            "Nominal": 100,
            "Name": "Венгерских форинтов",
            "Value": 25.6439,
            "Previous": 25.6035
        },
        "VND": {
            "ID": "R01150",
            "NumCode": "704",
            "CharCode": "VND",
            "Nominal": 10000,
            "Name": "Вьетнамских донгов",
            "Value": 38.4456,
            "Previous": 38.4
        },
        "HKD": {
            "ID": "R01200",
            "NumCode": "344",
            "CharCode": "HKD",
            "Nominal": 1,
            "Name": "Гонконгский доллар",
            "Value": 11.8269,
            "Previous": 11.8114
        },
        "GEL": {
            "ID": "R01210",
            "NumCode": "981",
            "CharCode": "GEL",
            "Nominal": 1,
            "Name": "Грузинский лари",
            "Value": 34.4397,
            "Previous": 34.3911
        },
        "DKK": {
            "ID": "R01215",
            "NumCode": "208",
            "CharCode": "DKK",
            "Nominal": 1,
            "Name": "Датская крона",
            "Value": 13.4456,
            "Previous": 13.3442
        },
        "AED": {
            "ID": "R01230",
            "NumCode": "784",
            "CharCode": "AED",
            "Nominal": 1,
            "Name": "Дирхам ОАЭ",
            "Value": 25.1642,
            "Previous": 25.1343
        },
        "USD": {
            "ID": "R01235",
            "NumCode": "840",
            "CharCode": "USD",
            "Nominal": 1,
            "Name": "Доллар США",
            "Value": 92.4155,
            "Previous": 92.3058
        },
        "EUR": {
            "ID": "R01239",
            "NumCode": "978",
            "CharCode": "EUR",
            "Nominal": 1,
            "Name": "Евро",
            "Value": 100.1259,
            "Previous": 100.0668
        },
        "EGP": {
            "ID": "R01240",
            "NumCode": "818",
            "CharCode": "EGP",
            "Nominal": 10,
            "Name": "Египетских фунтов",
            "Value": 19.5057,
            "Previous": 19.4825
        },
        "INR": {
            "ID": "R01270",
            "NumCode": "356",
            "CharCode": "INR",
            "Nominal": 10,
            "Name": "Индийских рупий",
            "Value": 11.08,
            "Previous": 11.0615
        },
        "IDR": {
            "ID": "R01280",
            "NumCode": "360",
            "CharCode": "IDR",
            "Nominal": 10000,
            "Name": "Индонезийских рупий",
            "Value": 58.0974,
            "Previous": 57.9701
        },
        "KZT": {
            "ID": "R01335",
            "NumCode": "398",
            "CharCode": "KZT",
            "Nominal": 100,
            "Name": "Казахстанских тенге",
            "Value": 20.6982,
            "Previous": 20.6542
        },
        "CAD": {
            "ID": "R01350",
            "NumCode": "124",
            "CharCode": "CAD",
            "Nominal": 1,
            "Name": "Канадский доллар",
            "Value": 68.4356,
            "Previous": 68.1878
        },
        "QAR": {
            "ID": "R01355",
            "NumCode": "634",
            "CharCode": "QAR",
            "Nominal": 1,
            "Name": "Катарский риал",
            "Value": 25.3889,
            "Previous": 25.3587
        },
        "KGS": {
            "ID": "R01370",
            "NumCode": "417",
            "CharCode": "KGS",
            "Nominal": 10,
            "Name": "Киргизских сомов",
            "Value": 10.3448,
            "Previous": 10.3308
        },
        "CNY": {
            "ID": "R01375",
            "NumCode": "156",
            "CharCode": "CNY",
            "Nominal": 1,
            "Name": "Китайский юань",
            "Value": 12.7602,
            "Previous": 12.7143
        },
        "MDL": {
            "ID": "R01500",
            "NumCode": "498",
            "CharCode": "MDL",
            "Nominal": 10,
            "Name": "Молдавских леев",
            "Value": 52.13,
            "Previous": 52.0431
        },
        "NZD": {
            "ID": "R01530",
            "NumCode": "554",
            "CharCode": "NZD",
            "Nominal": 1,
            "Name": "Новозеландский доллар",
            "Value": 55.7265,
            "Previous": 55.605
        },
        "NOK": {
            "ID": "R01535",
            "NumCode": "578",
            "CharCode": "NOK",
            "Nominal": 10,
            "Name": "Норвежских крон",
            "Value": 86.3632,
            "Previous": 85.3774
        },
        "PLN": {
            "ID": "R01565",
            "NumCode": "985",
            "CharCode": "PLN",
            "Nominal": 1,
            "Name": "Польский злотый",
            "Value": 23.3544,
            "Previous": 23.3597
        },
        "RON": {
            "ID": "R01585F",
            "NumCode": "946",
            "CharCode": "RON",
            "Nominal": 1,
            "Name": "Румынский лей",
            "Value": 20.1626,
            "Previous": 20.1704
        },
        "XDR": {
            "ID": "R01589",
            "NumCode": "960",
            "CharCode": "XDR",
            "Nominal": 1,
            "Name": "СДР (специальные права заимствования)",
            "Value": 122.6178,
            "Previous": 122.0957
        },
        "SGD": {
            "ID": "R01625",
            "NumCode": "702",
            "CharCode": "SGD",
            "Nominal": 1,
            "Name": "Сингапурский доллар",
            "Value": 68.4762,
            "Previous": 68.4761
        },
        "TJS": {
            "ID": "R01670",
            "NumCode": "972",
            "CharCode": "TJS",
            "Nominal": 10,
            "Name": "Таджикских сомони",
            "Value": 84.3615,
            "Previous": 84.2675
        },
        "THB": {
            "ID": "R01675",
            "NumCode": "764",
            "CharCode": "THB",
            "Nominal": 10,
            "Name": "Таиландских батов",
            "Value": 25.132,
            "Previous": 25.1679
        },
        "TRY": {
            "ID": "R01700J",
            "NumCode": "949",
            "CharCode": "TRY",
            "Nominal": 10,
            "Name": "Турецких лир",
            "Value": 28.9992,
            "Previous": 28.8744
        },
        "TMT": {
            "ID": "R01710A",
            "NumCode": "934",
            "CharCode": "TMT",
            "Nominal": 1,
            "Name": "Новый туркменский манат",
            "Value": 26.4044,
            "Previous": 26.3731
        },
        "UZS": {
            "ID": "R01717",
            "NumCode": "860",
            "CharCode": "UZS",
            "Nominal": 10000,
            "Name": "Узбекских сумов",
            "Value": 72.8825,
            "Previous": 72.8653
        },
        "UAH": {
            "ID": "R01720",
            "NumCode": "980",
            "CharCode": "UAH",
            "Nominal": 10,
            "Name": "Украинских гривен",
            "Value": 23.6841,
            "Previous": 23.5502
        },
        "CZK": {
            "ID": "R01760",
            "NumCode": "203",
            "CharCode": "CZK",
            "Nominal": 10,
            "Name": "Чешских крон",
            "Value": 39.6225,
            "Previous": 39.5789
        },
        "SEK": {
            "ID": "R01770",
            "NumCode": "752",
            "CharCode": "SEK",
            "Nominal": 10,
            "Name": "Шведских крон",
            "Value": 87.1285,
            "Previous": 85.9899
        },
        "CHF": {
            "ID": "R01775",
            "NumCode": "756",
            "CharCode": "CHF",
            "Nominal": 1,
            "Name": "Швейцарский франк",
            "Value": 102.2974,
            "Previous": 101.9053
        },
        "RSD": {
            "ID": "R01805F",
            "NumCode": "941",
            "CharCode": "RSD",
            "Nominal": 100,
            "Name": "Сербских динаров",
            "Value": 85.4495,
            "Previous": 85.4501
        },
        "ZAR": {
            "ID": "R01810",
            "NumCode": "710",
            "CharCode": "ZAR",
            "Nominal": 10,
            "Name": "Южноафриканских рэндов",
            "Value": 49.5079,
            "Previous": 49.5857
        },
        "KRW": {
            "ID": "R01815",
            "NumCode": "410",
            "CharCode": "KRW",
            "Nominal": 1000,
            "Name": "Вон Республики Корея",
            "Value": 68.3142,
            "Previous": 68.5219
        },
        "JPY": {
            "ID": "R01820",
            "NumCode": "392",
            "CharCode": "JPY",
            "Nominal": 100,
            "Name": "Японских иен",
            "Value": 61.2348,
            "Previous": 60.8797
        }
    }
}