{
    "Date": "2024-03-19T11:30:00+03:00",
    "PreviousDate": "2024-03-16T11:30:00+03:00",
    "PreviousURL": "\/\/www.cbr-xml-daily.ru\/archive\/2024\/03\/16\/daily_json.js",
    "Timestamp": "2024-03-19T15:00:00+03:00",
    "Valute": {
        "AUD": {
            "ID": "R01010",
            "NumCode": "036",
            "CharCode": "AUD",
            "Nominal": 1,
            "Name": "Австралийский доллар",
            "Value": 60.396,
            "Previous": 60.331
        },
        "AZN": {
            "ID": "R01020A",
            "NumCode": "944",
            "CharCode": "AZN",
            "Nominal": 1,
            "Name": "Азербайджанский манат",
            "Value": 54.1076,
            "Previous": 54.0412
        },
        "GBP": {
            "ID": "R01035",
            "NumCode": "826",
            "CharCode": "GBP",
            "Nominal": 1,
            "Name": "Фунт стерлингов Соединенного королевства",
            "Value": 117.1862,
            "Previous": 117.1067
        },
        "AMD": {
            "ID": "R01060",
            "NumCode": "051",
            "CharCode": "AMD",
            "Nominal": 100,
            "Name": "Армянских драмов",
            "Value": 22.8836,
            "Previous": 22.8175
        },
        "BYN": {
            "ID": "R01090B",
            "NumCode": "933",
            "CharCode": "BYN",
            "Nominal": 1,
            "Name": "Белорусский рубль",
            "Value": 28.4486,
            "Previous": 28.4242
        },
        "BGN": {
            "ID": "R01100",
            "NumCode": "975",
            "CharCode": "BGN",
            "Nominal": 1,
            "Name": "Болгарский лев",
            "Value": 51.2251,
            "Previous": 51.3174
        },
        "BRL": {
            "ID": "R01115",
            "NumCode": "986",
            "CharCode": "BRL",
            "Nominal": 1,
            "Name": "Бразильский реал",
            "Value": 18.4209,
            "Previous": 18.4608
        },
        "HUF": {
            "ID": "R01135",
            "NumCode": "348",
            "CharCode": "HUF",
            "Nominal": 100,
            "Name": "Венгерских форинтов",
            "Value": 25.4174,
            "Previous": 25.5039
        },
        "VND": {
            "ID": "R01150",
            "NumCode": "704",
            "CharCode": "VND",
            "Nominal": 10000,
            "Name": "Вьетнамских донгов",
            "Value": 38.3358,
            "Previous": 38.3127
        },
        "HKD": {
            "ID": "R01200",
            "NumCode": "344",
            "CharCode": "HKD",
            "Nominal": 1,
            "Name": "Гонконгский доллар",
            "Value": 11.7851,
            "Previous": 11.7661
        },
        "GEL": {
            "ID": "R01210",
            "NumCode": "981",
            "CharCode": "GEL",
            "Nominal": 1,
            "Name": "Грузинский лари",
            "Value": 34.069,
            "Previous": 34.3337
        },
        "DKK": {
            "ID": "R01215",
            "NumCode": "208",
            "CharCode": "DKK",
            "Nominal": 1,
            "Name": "Датская крона",
            "Value": 13.4352,
            "Previous": 13.46
        },
        "AED": {
            "ID": "R01230",
            "NumCode": "784",
            "CharCode": "AED",
            "Nominal": 1,
            "Name": "Дирхам ОАЭ",
            "Value": 25.0464,
            "Previous": 25.0157
        },
        "USD": {
            "ID": "R01235",
            "NumCode": "840",
            "CharCode": "USD",
            "Nominal": 1,
            "Name": "Доллар США",
            "Value": 91.9829,
            "Previous": 91.87
        },
        "EUR": {
            "ID": "R01239",
            "NumCode": "978",
            "CharCode": "EUR",
            "Nominal": 1,
            "Name": "Евро",
            "Value": 100.2432,
            "Previous": 99.9718
        },
        "EGP": {
            "ID": "R01240",
            "NumCode": "818",
            "CharCode": "EGP",
            "Nominal": 10,
            "Name": "Египетских фунтов",
            "Value": 19.5036,
            "Previous": 19.2057
        },
        "INR": {
            "ID": "R01270",
            "NumCode": "356",
            "CharCode": "INR",
            "Nominal": 10,
            "Name": "Индийских рупий",
            "Value": 11.1256,
            "Previous": 11.0983
        },
        "IDR": {
            "ID": "R01280",
            "NumCode": "360",
            "CharCode": "IDR",
            "Nominal": 10000,
            "Name": "Индонезийских рупий",
            "Value": 58.8728,
            "Previous": 58.9591
        },
        "KZT": {
            "ID": "R01335",
            "NumCode": "398",
            "CharCode": "KZT",
            "Nominal": 100,
            "Name": "Казахстанских тенге",
            "Value": 20.5054,
            "Previous": 20.4537
        },
        "CAD": {
            "ID": "R01350",
            "NumCode": "124",
            "CharCode": "CAD",
            "Nominal": 1,
            "Name": "Канадский доллар",
            "Value": 67.9693,
            "Previous": 67.9914
        },
        "QAR": {
            "ID": "R01355",
            "NumCode": "634",
            "CharCode": "QAR",
            "Nominal": 1,
            "Name": "Катарский риал",
            "Value": 25.27,
            "Previous": 25.239
        },
        "KGS": {
            "ID": "R01370",
            "NumCode": "417",
            "CharCode": "KGS",
            "Nominal": 10,
            "Name": "Киргизских сомов",
            "Value": 10.2763,
            "Previous": 10.2637
        },
        "CNY": {
            "ID": "R01375",
            "NumCode": "156",
            "CharCode": "CNY",
            "Nominal": 1,
            "Name": "Китайский юань",
            "Value": 12.7501,
            "Previous": 12.7328
        },
        "MDL": {
            "ID": "R01500",
            "NumCode": "498",
            "CharCode": "MDL",
            "Nominal": 10,
            "Name": "Молдавских леев",
            "Value": 52.1203,
            "Previous": 52.1837
        },
        "NZD": {
            "ID": "R01530",
            "NumCode": "554",
            "CharCode": "NZD",
            "Nominal": 1,
            "Name": "Новозеландский доллар",
            "Value": 55.967,
            "Previous": 56.105
        },
        "NOK": {
            "ID": "R01535",
            "NumCode": "578",
            "CharCode": "NOK",
            "Nominal": 10,
            "Name": "Норвежских крон",
            "Value": 86.965,
            "Previous": 87.5277
        },
        "PLN": {
            "ID": "R01565",
            "NumCode": "985",
            "CharCode": "PLN",
            "Nominal": 1,
            "Name": "Польский злотый",
            "Value": 23.2703,
            "Previous": 23.322
        },
        "RON": {
            "ID": "R01585F",
            "NumCode": "946",
            "CharCode": "RON",
            "Nominal": 1,
            "Name": "Румынский лей",
            "Value": 20.1655,
            "Previous": 20.1271
        },
        "XDR": {
            "ID": "R01589",
            "NumCode": "960",
            "CharCode": "XDR",
            "Nominal": 1,
            "Name": "СДР (специальные права заимствования)",
            "Value": 122.4844,
            "Previous": 122.6079
        },
        "SGD": {
            "ID": "R01625",
            "NumCode": "702",
            "CharCode": "SGD",
            "Nominal": 1,
            "Name": "Сингапурский доллар",
            "Value": 68.7312,
            "Previous": 68.693
        },
        "TJS": {
            "ID": "R01670",
            "NumCode": "972",
            "CharCode": "TJS",
            "Nominal": 10,
            "Name": "Таджикских сомони",
            "Value": 83.9704,
            "Previous": 83.8819
        },
        "THB": {
            "ID": "R01675",
            "NumCode": "764",
            "CharCode": "THB",
            "Nominal": 10,
            "Name": "Таиландских батов",
            "Value": 25.5937,
            "Previous": 25.6591
        },
        "TRY": {
            "ID": "R01700J",
            "NumCode": "949",
            "CharCode": "TRY",
            "Nominal": 10,
            "Name": "Турецких лир",
            "Value": 28.6102,
            "Previous": 28.6273
        },
        "TMT": {
            "ID": "R01710A",
            "NumCode": "934",
            "CharCode": "TMT",
            "Nominal": 1,
            "Name": "Новый туркменский манат",
            "Value": 26.2808,
            "Previous": 26.2486
        },
        "UZS": {
            "ID": "R01717",
            "NumCode": "860",
            "CharCode": "UZS",
            "Nominal": 10000,
            "Name": "Узбекских сумов",
            "Value": 73.1765,
            "Previous": 73.1041
        },
        "UAH": {
            "ID": "R01720",
            "NumCode": "980",
            "CharCode": "UAH",
            "Nominal": 10,
            "Name": "Украинских гривен",
            "Value": 23.7071,
            "Previous": 23.748
        },
        "CZK": {
            "ID": "R01760",
            "NumCode": "203",
            "CharCode": "CZK",
            "Nominal": 10,
            "Name": "Чешских крон",
            "Value": 39.8315,
            "Previous": 39.8707
        },
        "SEK": {
            "ID": "R01770",
            "NumCode": "752",
            "CharCode": "SEK",
            "Nominal": 10,
            "Name": "Шведских крон",
            "Value": 88.9179,
            "Previous": 89.419
        },
        "CHF": {
            "ID": "R01775",
            "NumCode": "756",
            "CharCode": "CHF",
            "Nominal": 1,
            "Name": "Швейцарский франк",
            "Value": 104.0531,
            "Previous": 104.0548
        },
        "RSD": {
            "ID": "R01805F",
            "NumCode": "941",
            "CharCode": "RSD",
            "Nominal": 100,
            "Name": "Сербских динаров",
            "Value": 85.4578,
            "Previous": 85.2877
        },
        "ZAR": {
            "ID": "R01810",
            "NumCode": "710",
            "CharCode": "ZAR",
            "Nominal": 10,
            "Name": "Южноафриканских рэндов",
            "Value": 48.9995,
            "Previous": 49.177
        },
        "KRW": {
            "ID": "R01815",
            "NumCode": "410",
            "CharCode": "KRW",
            "Nominal": 1000,
            "Name": "Вон Республики Корея",
            "Value": 68.9682,
            "Previous": 69.0492
        },
        "JPY": {
            "ID": "R01820",
            "NumCode": "392",
            "CharCode": "JPY",
            "Nominal": 100,
            "Name": "Японских иен",
            "Value": 61.6301,
            "Previous": 61.8737
        }
    }
}